<?xml version="1.0" encoding="UTF-8"?>
<testng-results skipped="0" failed="0" ignored="0" total="3" passed="3">
  <reporter-output>
  </reporter-output>
  <suite name="Default suite" duration-ms="3474" started-at="2018-07-02T08:40:50Z" finished-at="2018-07-02T08:40:54Z">
    <groups>
    </groups>
    <test name="Default test" duration-ms="3474" started-at="2018-07-02T08:40:50Z" finished-at="2018-07-02T08:40:54Z">
      <class name="com.qait.AdvanceCourse.AdvanceCourseMaven.NewTest">
        <test-method status="PASS" signature="initial()[pri:0, instance:com.qait.AdvanceCourse.AdvanceCourseMaven.NewTest@46daef40]" name="initial" is-config="true" duration-ms="758" started-at="2018-07-02T08:40:50Z" finished-at="2018-07-02T08:40:51Z">
          <reporter-output>
          </reporter-output>
        </test-method> <!-- initial -->
        <test-method status="PASS" signature="welcomepage()[pri:1, instance:com.qait.AdvanceCourse.AdvanceCourseMaven.NewTest@46daef40]" name="welcomepage" duration-ms="844" started-at="2018-07-02T08:40:51Z" finished-at="2018-07-02T08:40:52Z">
          <reporter-output>
          </reporter-output>
        </test-method> <!-- welcomepage -->
        <test-method status="PASS" signature="HoverMenu()[pri:2, instance:com.qait.AdvanceCourse.AdvanceCourseMaven.NewTest@46daef40]" name="HoverMenu" duration-ms="195" started-at="2018-07-02T08:40:52Z" finished-at="2018-07-02T08:40:52Z">
          <reporter-output>
          </reporter-output>
        </test-method> <!-- HoverMenu -->
        <test-method status="PASS" signature="QueryGate()[pri:3, instance:com.qait.AdvanceCourse.AdvanceCourseMaven.NewTest@46daef40]" name="QueryGate" duration-ms="1659" started-at="2018-07-02T08:40:52Z" finished-at="2018-07-02T08:40:54Z">
          <reporter-output>
          </reporter-output>
        </test-method> <!-- QueryGate -->
      </class> <!-- com.qait.AdvanceCourse.AdvanceCourseMaven.NewTest -->
    </test> <!-- Default test -->
  </suite> <!-- Default suite -->
</testng-results>
