<?xml version="1.0" encoding="UTF-8"?>
<testng-results skipped="0" failed="0" ignored="0" total="3" passed="3">
  <reporter-output>
  </reporter-output>
  <suite name="Default suite" duration-ms="4301" started-at="2018-07-02T08:50:01Z" finished-at="2018-07-02T08:50:05Z">
    <groups>
    </groups>
    <test name="Default test" duration-ms="4301" started-at="2018-07-02T08:50:01Z" finished-at="2018-07-02T08:50:05Z">
      <class name="com.qait.automation.AdvanceViaMethod.NewTest">
        <test-method status="PASS" signature="beforeClass()[pri:0, instance:com.qait.automation.AdvanceViaMethod.NewTest@77ec78b9]" name="beforeClass" is-config="true" duration-ms="797" started-at="2018-07-02T08:50:01Z" finished-at="2018-07-02T08:50:02Z">
          <reporter-output>
          </reporter-output>
        </test-method> <!-- beforeClass -->
        <test-method status="PASS" signature="welcomepage()[pri:1, instance:com.qait.automation.AdvanceViaMethod.NewTest@77ec78b9]" name="welcomepage" duration-ms="1212" started-at="2018-07-02T08:50:02Z" finished-at="2018-07-02T08:50:03Z">
          <reporter-output>
          </reporter-output>
        </test-method> <!-- welcomepage -->
        <test-method status="PASS" signature="HoverMenu()[pri:2, instance:com.qait.automation.AdvanceViaMethod.NewTest@77ec78b9]" name="HoverMenu" duration-ms="153" started-at="2018-07-02T08:50:03Z" finished-at="2018-07-02T08:50:03Z">
          <reporter-output>
          </reporter-output>
        </test-method> <!-- HoverMenu -->
        <test-method status="PASS" signature="QueryGate()[pri:3, instance:com.qait.automation.AdvanceViaMethod.NewTest@77ec78b9]" name="QueryGate" duration-ms="2121" started-at="2018-07-02T08:50:03Z" finished-at="2018-07-02T08:50:05Z">
          <reporter-output>
          </reporter-output>
        </test-method> <!-- QueryGate -->
      </class> <!-- com.qait.automation.AdvanceViaMethod.NewTest -->
    </test> <!-- Default test -->
  </suite> <!-- Default suite -->
</testng-results>
